Flutter crash report.
Please report a bug at https://github.com/flutter/flutter/issues.

## command

flutter run -d chrome

## exception

RPCError: registerService: (-32000) Service connection disposed

```
#0      VmService._call (package:vm_service/src/vm_service.dart:1769:7)
#1      VmService.registerService (package:vm_service/src/vm_service.dart:1380:7)
#2      setUpVmService (package:flutter_tools/src/vmservice.dart:225:40)
#3      ResidentWebRunner.attach (package:flutter_tools/src/isolated/resident_web_runner.dart:662:13)
<asynchronous suspension>
#4      asyncGuard.<anonymous closure> (package:flutter_tools/src/base/async_guard.dart:111:24)
<asynchronous suspension>
```

## flutter doctor

```
[32m[✓][39m Flutter (Channel stable, 3.24.3, on Microsoft Windows
    [Version 10.0.22631.4460], locale en-IN)
    [32m•[39m Flutter version 3.24.3 on channel stable at
      C:\flutter\src\flutter
    [32m•[39m Upstream repository
      https://github.com/flutter/flutter.git
    [32m•[39m Framework revision 2663184aa7 (3 months ago),
      2024-09-11 16:27:48 -0500
    [32m•[39m Engine revision 36335019a8
    [32m•[39m Dart version 3.5.3
    [32m•[39m DevTools version 2.37.3

[32m[✓][39m Windows Version (Installed version of Windows is
    version 10 or higher)

[32m[✓][39m Android toolchain - develop for Android devices
    (Android SDK version 35.0.0)
    [32m•[39m Android SDK at
      C:\Users\DELL\AppData\Local\Android\sdk
    [32m•[39m Platform android-35, build-tools 35.0.0
    [32m•[39m Java binary at: C:\Program Files\Android\Android
      Studio\jbr\bin\java
    [32m•[39m Java version OpenJDK Runtime Environment (build
      17.0.11+0--11852314)
    [32m•[39m All Android licenses accepted.

[32m[✓][39m Chrome - develop for the web
    [32m•[39m Chrome at C:\Program
      Files\Google\Chrome\Application\chrome.exe

[31m[✗][39m Visual Studio - develop Windows apps
    [31m✗[39m Visual Studio not installed; this is necessary to
      develop Windows apps.
      Download at
      https://visualstudio.microsoft.com/downloads/.
      Please install the "Desktop development with C++"
      workload, including all of its default components

[32m[✓][39m Android Studio (version 2024.1)
    [32m•[39m Android Studio at C:\Program Files\Android\Android
      Studio
    [32m•[39m Flutter plugin can be installed from:
      🔨
      https://plugins.jetbrains.com/plugin/9212-flutter
    [32m•[39m Dart plugin can be installed from:
      🔨 https://plugins.jetbrains.com/plugin/6351-dart
    [32m•[39m Java version OpenJDK Runtime Environment (build
      17.0.11+0--11852314)

[32m[✓][39m VS Code (version 1.95.3)
    [32m•[39m VS Code at
      C:\Users\DELL\AppData\Local\Programs\Microsoft VS
      Code
    [32m•[39m Flutter extension version 3.100.0

[32m[✓][39m Connected device (3 available)
    [32m•[39m Windows (desktop) • windows • windows-x64    •
      Microsoft Windows [Version 10.0.22631.4460]
    [32m•[39m Chrome (web)      • chrome  • web-javascript •
      Google Chrome 130.0.6723.117
    [32m•[39m Edge (web)        • edge    • web-javascript •
      Microsoft Edge 131.0.2903.63

[32m[✓][39m Network resources
    [32m•[39m All expected network resources are available.

[33m![39m Doctor found issues in 1 category.
```
